This is pdfTeX, Version 3.14159265-2.6-1.40.20 (TeX Live 2019/Debian) (preloaded format=pdflatex 2021.6.19)  19 JUN 2021 02:37
entering extended mode
 restricted \write18 enabled.
 %&-line parsing enabled.
**Introduction.tex
(./Introduction.tex
LaTeX2e <2020-02-02> patch level 2
L3 programming layer <2020-02-14>
! Undefined control sequence.
l.1 \chapter
            {Î•Î¹ÏƒÎ±Î³Ï‰Î³Î®} \label{introduction}
The control sequence at the end of the top line
of your error message was never \def'ed. If you have
misspelled it (e.g., `\hobx'), type `I' and the correct
spelling (e.g., `I\hbox'). Otherwise just continue,
and I'll forget about whatever was undefined.


! Package inputenc Error: Unicode character Î• (U+0395)
(inputenc)                not set up for use with LaTeX.

See the inputenc package documentation for explanation.
Type  H <return>  for immediate help.
 ...                                              
                                                  
l.1 \chapter{Î•
               Î¹ÏƒÎ±Î³Ï‰Î³Î®} \label{introduction}
You may provide a definition with
\DeclareUnicodeCharacter 


! Package inputenc Error: Unicode character Î¹ (U+03B9)
(inputenc)                not set up for use with LaTeX.

See the inputenc package documentation for explanation.
Type  H <return>  for immediate help.
 ...                                              
                                                  
l.1 \chapter{Î•Î¹
                 ÏƒÎ±Î³Ï‰Î³Î®} \label{introduction}
You may provide a definition with
\DeclareUnicodeCharacter 


! Package inputenc Error: Unicode character Ïƒ (U+03C3)
(inputenc)                not set up for use with LaTeX.

See the inputenc package documentation for explanation.
Type  H <return>  for immediate help.
 ...                                              
                                                  
l.1 \chapter{Î•Î¹Ïƒ
                   Î±Î³Ï‰Î³Î®} \label{introduction}
You may provide a definition with
\DeclareUnicodeCharacter 


! Package inputenc Error: Unicode character Î± (U+03B1)
(inputenc)                not set up for use with LaTeX.

See the inputenc package documentation for explanation.
Type  H <return>  for immediate help.
 ...                                              
                                                  
l.1 \chapter{Î•Î¹ÏƒÎ±
                     Î³Ï‰Î³Î®} \label{introduction}
You may provide a definition with
\DeclareUnicodeCharacter 


! Package inputenc Error: Unicode character Î³ (U+03B3)
(inputenc)                not set up for use with LaTeX.

See the inputenc package documentation for explanation.
Type  H <return>  for immediate help.
 ...                                              
                                                  
l.1 \chapter{Î•Î¹ÏƒÎ±Î³
                       Ï‰Î³Î®} \label{introduction}
You may provide a definition with
\DeclareUnicodeCharacter 


! Package inputenc Error: Unicode character Ï‰ (U+03C9)
(inputenc)                not set up for use with LaTeX.

See the inputenc package documentation for explanation.
Type  H <return>  for immediate help.
 ...                                              
                                                  
l.1 \chapter{Î•Î¹ÏƒÎ±Î³Ï‰
                         Î³Î®} \label{introduction}
You may provide a definition with
\DeclareUnicodeCharacter 


! Package inputenc Error: Unicode character Î³ (U+03B3)
(inputenc)                not set up for use with LaTeX.

See the inputenc package documentation for explanation.
Type  H <return>  for immediate help.
 ...                                              
                                                  
l.1 \chapter{Î•Î¹ÏƒÎ±Î³Ï‰Î³
                           Î®} \label{introduction}
You may provide a definition with
\DeclareUnicodeCharacter 


! Package inputenc Error: Unicode character Î® (U+03AE)
(inputenc)                not set up for use with LaTeX.

See the inputenc package documentation for explanation.
Type  H <return>  for immediate help.
 ...                                              
                                                  
l.1 \chapter{Î•Î¹ÏƒÎ±Î³Ï‰Î³Î®
                             } \label{introduction}
You may provide a definition with
\DeclareUnicodeCharacter 


! Package inputenc Error: Unicode character Î” (U+0394)
(inputenc)                not set up for use with LaTeX.

See the inputenc package documentation for explanation.
Type  H <return>  for immediate help.
 ...                                              
                                                  
l.2 Î”
      Î¿ÎºÎ¹Î¼Î±ÏƒÏ„Î¹ÎºÏŒ ÎºÎµÎ¯Î¼ÎµÎ½Î¿: ÎˆÏ„ÏƒÎ¹ Î±Î»Î»Î¬Î¶ÎµÎ¹ Î· Î³Î»ÏŽ...

You may provide a definition with
\DeclareUnicodeCharacter 


! Package inputenc Error: Unicode character Î¿ (U+03BF)
(inputenc)                not set up for use with LaTeX.

See the inputenc package documentation for explanation.
Type  H <return>  for immediate help.
 ...                                              
                                                  
l.2 Î”Î¿
        ÎºÎ¹Î¼Î±ÏƒÏ„Î¹ÎºÏŒ ÎºÎµÎ¯Î¼ÎµÎ½Î¿: ÎˆÏ„ÏƒÎ¹ Î±Î»Î»Î¬Î¶ÎµÎ¹ Î· Î³Î»ÏŽ...

You may provide a definition with
\DeclareUnicodeCharacter 


! Package inputenc Error: Unicode character Îº (U+03BA)
(inputenc)                not set up for use with LaTeX.

See the inputenc package documentation for explanation.
Type  H <return>  for immediate help.
 ...                                              
                                                  
l.2 Î”Î¿Îº
          Î¹Î¼Î±ÏƒÏ„Î¹ÎºÏŒ ÎºÎµÎ¯Î¼ÎµÎ½Î¿: ÎˆÏ„ÏƒÎ¹ Î±Î»Î»Î¬Î¶ÎµÎ¹ Î· Î³Î»ÏŽ...

You may provide a definition with
\DeclareUnicodeCharacter 


! Package inputenc Error: Unicode character Î¹ (U+03B9)
(inputenc)                not set up for use with LaTeX.

See the inputenc package documentation for explanation.
Type  H <return>  for immediate help.
 ...                                              
                                                  
l.2 Î”Î¿ÎºÎ¹
            Î¼Î±ÏƒÏ„Î¹ÎºÏŒ ÎºÎµÎ¯Î¼ÎµÎ½Î¿: ÎˆÏ„ÏƒÎ¹ Î±Î»Î»Î¬Î¶ÎµÎ¹ Î· Î³Î»ÏŽ...

You may provide a definition with
\DeclareUnicodeCharacter 


! Package inputenc Error: Unicode character Î¼ (U+03BC)
(inputenc)                not set up for use with LaTeX.

See the inputenc package documentation for explanation.
Type  H <return>  for immediate help.
 ...                                              
                                                  
l.2 Î”Î¿ÎºÎ¹Î¼
              Î±ÏƒÏ„Î¹ÎºÏŒ ÎºÎµÎ¯Î¼ÎµÎ½Î¿: ÎˆÏ„ÏƒÎ¹ Î±Î»Î»Î¬Î¶ÎµÎ¹ Î· Î³Î»ÏŽ...

You may provide a definition with
\DeclareUnicodeCharacter 


! Package inputenc Error: Unicode character Î± (U+03B1)
(inputenc)                not set up for use with LaTeX.

See the inputenc package documentation for explanation.
Type  H <return>  for immediate help.
 ...                                              
                                                  
l.2 Î”Î¿ÎºÎ¹Î¼Î±
                ÏƒÏ„Î¹ÎºÏŒ ÎºÎµÎ¯Î¼ÎµÎ½Î¿: ÎˆÏ„ÏƒÎ¹ Î±Î»Î»Î¬Î¶ÎµÎ¹ Î· Î³Î»ÏŽ...

You may provide a definition with
\DeclareUnicodeCharacter 


! Package inputenc Error: Unicode character Ïƒ (U+03C3)
(inputenc)                not set up for use with LaTeX.

See the inputenc package documentation for explanation.
Type  H <return>  for immediate help.
 ...                                              
                                                  
l.2 Î”Î¿ÎºÎ¹Î¼Î±Ïƒ
                  Ï„Î¹ÎºÏŒ ÎºÎµÎ¯Î¼ÎµÎ½Î¿: ÎˆÏ„ÏƒÎ¹ Î±Î»Î»Î¬Î¶ÎµÎ¹ Î· Î³Î»ÏŽ...

You may provide a definition with
\DeclareUnicodeCharacter 


! Package inputenc Error: Unicode character Ï„ (U+03C4)
(inputenc)                not set up for use with LaTeX.

See the inputenc package documentation for explanation.
Type  H <return>  for immediate help.
 ...                                              
                                                  
l.2 Î”Î¿ÎºÎ¹Î¼Î±ÏƒÏ„
                    Î¹ÎºÏŒ ÎºÎµÎ¯Î¼ÎµÎ½Î¿: ÎˆÏ„ÏƒÎ¹ Î±Î»Î»Î¬Î¶ÎµÎ¹ Î· Î³Î»ÏŽ...

You may provide a definition with
\DeclareUnicodeCharacter 


! Package inputenc Error: Unicode character Î¹ (U+03B9)
(inputenc)                not set up for use with LaTeX.

See the inputenc package documentation for explanation.
Type  H <return>  for immediate help.
 ...                                              
                                                  
l.2 Î”Î¿ÎºÎ¹Î¼Î±ÏƒÏ„Î¹
                      ÎºÏŒ ÎºÎµÎ¯Î¼ÎµÎ½Î¿: ÎˆÏ„ÏƒÎ¹ Î±Î»Î»Î¬Î¶ÎµÎ¹ Î· Î³Î»ÏŽ...

You may provide a definition with
\DeclareUnicodeCharacter 


! Package inputenc Error: Unicode character Îº (U+03BA)
(inputenc)                not set up for use with LaTeX.

See the inputenc package documentation for explanation.
Type  H <return>  for immediate help.
 ...                                              
                                                  
l.2 Î”Î¿ÎºÎ¹Î¼Î±ÏƒÏ„Î¹Îº
                        ÏŒ ÎºÎµÎ¯Î¼ÎµÎ½Î¿: ÎˆÏ„ÏƒÎ¹ Î±Î»Î»Î¬Î¶ÎµÎ¹ Î· Î³Î»ÏŽ...

You may provide a definition with
\DeclareUnicodeCharacter 


! Package inputenc Error: Unicode character ÏŒ (U+03CC)
(inputenc)                not set up for use with LaTeX.

See the inputenc package documentation for explanation.
Type  H <return>  for immediate help.
 ...                                              
                                                  
l.2 Î”Î¿ÎºÎ¹Î¼Î±ÏƒÏ„Î¹ÎºÏŒ
                           ÎºÎµÎ¯Î¼ÎµÎ½Î¿: ÎˆÏ„ÏƒÎ¹ Î±Î»Î»Î¬Î¶ÎµÎ¹ Î· Î³Î»ÏŽ...

You may provide a definition with
\DeclareUnicodeCharacter 


! Package inputenc Error: Unicode character Îº (U+03BA)
(inputenc)                not set up for use with LaTeX.

See the inputenc package documentation for explanation.
Type  H <return>  for immediate help.
 ...                                              
                                                  
l.2 Î”Î¿ÎºÎ¹Î¼Î±ÏƒÏ„Î¹ÎºÏŒ Îº
                             ÎµÎ¯Î¼ÎµÎ½Î¿: ÎˆÏ„ÏƒÎ¹ Î±Î»Î»Î¬Î¶ÎµÎ¹ Î· Î³Î»ÏŽ...

You may provide a definition with
\DeclareUnicodeCharacter 


! Package inputenc Error: Unicode character Îµ (U+03B5)
(inputenc)                not set up for use with LaTeX.

See the inputenc package documentation for explanation.
Type  H <return>  for immediate help.
 ...                                              
                                                  
l.2 Î”Î¿ÎºÎ¹Î¼Î±ÏƒÏ„Î¹ÎºÏŒ ÎºÎµ
                               Î¯Î¼ÎµÎ½Î¿: ÎˆÏ„ÏƒÎ¹ Î±Î»Î»Î¬Î¶ÎµÎ¹ Î· Î³Î»ÏŽ...

You may provide a definition with
\DeclareUnicodeCharacter 


! Package inputenc Error: Unicode character Î¯ (U+03AF)
(inputenc)                not set up for use with LaTeX.

See the inputenc package documentation for explanation.
Type  H <return>  for immediate help.
 ...                                              
                                                  
l.2 Î”Î¿ÎºÎ¹Î¼Î±ÏƒÏ„Î¹ÎºÏŒ ÎºÎµÎ¯
                                 Î¼ÎµÎ½Î¿: ÎˆÏ„ÏƒÎ¹ Î±Î»Î»Î¬Î¶ÎµÎ¹ Î· Î³Î»ÏŽ...

You may provide a definition with
\DeclareUnicodeCharacter 


! Package inputenc Error: Unicode character Î¼ (U+03BC)
(inputenc)                not set up for use with LaTeX.

See the inputenc package documentation for explanation.
Type  H <return>  for immediate help.
 ...                                              
                                                  
l.2 Î”Î¿ÎºÎ¹Î¼Î±ÏƒÏ„Î¹ÎºÏŒ ÎºÎµÎ¯Î¼
                                   ÎµÎ½Î¿: ÎˆÏ„ÏƒÎ¹ Î±Î»Î»Î¬Î¶ÎµÎ¹ Î· Î³Î»ÏŽ...

You may provide a definition with
\DeclareUnicodeCharacter 


! Package inputenc Error: Unicode character Îµ (U+03B5)
(inputenc)                not set up for use with LaTeX.

See the inputenc package documentation for explanation.
Type  H <return>  for immediate help.
 ...                                              
                                                  
l.2 Î”Î¿ÎºÎ¹Î¼Î±ÏƒÏ„Î¹ÎºÏŒ ÎºÎµÎ¯Î¼Îµ
                                     Î½Î¿: ÎˆÏ„ÏƒÎ¹ Î±Î»Î»Î¬Î¶ÎµÎ¹ Î· Î³Î»ÏŽ...

You may provide a definition with
\DeclareUnicodeCharacter 


! Package inputenc Error: Unicode character Î½ (U+03BD)
(inputenc)                not set up for use with LaTeX.

See the inputenc package documentation for explanation.
Type  H <return>  for immediate help.
 ...                                              
                                                  
l.2 Î”Î¿ÎºÎ¹Î¼Î±ÏƒÏ„Î¹ÎºÏŒ ÎºÎµÎ¯Î¼ÎµÎ½
                                       Î¿: ÎˆÏ„ÏƒÎ¹ Î±Î»Î»Î¬Î¶ÎµÎ¹ Î· Î³Î»ÏŽ...

You may provide a definition with
\DeclareUnicodeCharacter 


! Package inputenc Error: Unicode character Î¿ (U+03BF)
(inputenc)                not set up for use with LaTeX.

See the inputenc package documentation for explanation.
Type  H <return>  for immediate help.
 ...                                              
                                                  
l.2 Î”Î¿ÎºÎ¹Î¼Î±ÏƒÏ„Î¹ÎºÏŒ ÎºÎµÎ¯Î¼ÎµÎ½Î¿
                                         : ÎˆÏ„ÏƒÎ¹ Î±Î»Î»Î¬Î¶ÎµÎ¹ Î· Î³Î»ÏŽ...

You may provide a definition with
\DeclareUnicodeCharacter 


! LaTeX Error: Missing \begin{document}.

See the LaTeX manual or LaTeX Companion for explanation.
Type  H <return>  for immediate help.
 ...                                              
                                                  
l.2 Î”Î¿ÎºÎ¹Î¼Î±ÏƒÏ„Î¹ÎºÏŒ ÎºÎµÎ¯Î¼ÎµÎ½Î¿:
                                           ÎˆÏ„ÏƒÎ¹ Î±Î»Î»Î¬Î¶ÎµÎ¹ Î· Î³Î»ÏŽ...

You're in trouble here.  Try typing  <return>  to proceed.
If that doesn't work, type  X <return>  to quit.

Missing character: There is no : in font nullfont!

! Package inputenc Error: Unicode character Îˆ (U+0388)
(inputenc)                not set up for use with LaTeX.

See the inputenc package documentation for explanation.
Type  H <return>  for immediate help.
 ...                                              
                                                  
l.2 Î”Î¿ÎºÎ¹Î¼Î±ÏƒÏ„Î¹ÎºÏŒ ÎºÎµÎ¯Î¼ÎµÎ½Î¿: Îˆ
                                             Ï„ÏƒÎ¹ Î±Î»Î»Î¬Î¶ÎµÎ¹ Î· Î³Î»ÏŽ...

You may provide a definition with
\DeclareUnicodeCharacter 


! Package inputenc Error: Unicode character Ï„ (U+03C4)
(inputenc)                not set up for use with LaTeX.

See the inputenc package documentation for explanation.
Type  H <return>  for immediate help.
 ...                                              
                                                  
l.2 Î”Î¿ÎºÎ¹Î¼Î±ÏƒÏ„Î¹ÎºÏŒ ÎºÎµÎ¯Î¼ÎµÎ½Î¿: ÎˆÏ„
                                               ÏƒÎ¹ Î±Î»Î»Î¬Î¶ÎµÎ¹ Î· Î³Î»ÏŽ...

You may provide a definition with
\DeclareUnicodeCharacter 


! Package inputenc Error: Unicode character Ïƒ (U+03C3)
(inputenc)                not set up for use with LaTeX.

See the inputenc package documentation for explanation.
Type  H <return>  for immediate help.
 ...                                              
                                                  
l.2 Î”Î¿ÎºÎ¹Î¼Î±ÏƒÏ„Î¹ÎºÏŒ ÎºÎµÎ¯Î¼ÎµÎ½Î¿: ÎˆÏ„Ïƒ
                                                 Î¹ Î±Î»Î»Î¬Î¶ÎµÎ¹ Î· Î³Î»ÏŽ...

You may provide a definition with
\DeclareUnicodeCharacter 


! Package inputenc Error: Unicode character Î¹ (U+03B9)
(inputenc)                not set up for use with LaTeX.

See the inputenc package documentation for explanation.
Type  H <return>  for immediate help.
 ...                                              
                                                  
l.2 ...ÎºÎ¹Î¼Î±ÏƒÏ„Î¹ÎºÏŒ ÎºÎµÎ¯Î¼ÎµÎ½Î¿: ÎˆÏ„ÏƒÎ¹
                                                   Î±Î»Î»Î¬Î¶ÎµÎ¹ Î· Î³Î»ÏŽÏ...

You may provide a definition with
\DeclareUnicodeCharacter 


! Package inputenc Error: Unicode character Î± (U+03B1)
(inputenc)                not set up for use with LaTeX.

See the inputenc package documentation for explanation.
Type  H <return>  for immediate help.
 ...                                              
                                                  
l.2 ...¹Î¼Î±ÏƒÏ„Î¹ÎºÏŒ ÎºÎµÎ¯Î¼ÎµÎ½Î¿: ÎˆÏ„ÏƒÎ¹ Î±
                                                  Î»Î»Î¬Î¶ÎµÎ¹ Î· Î³Î»ÏŽÏƒÏƒ...

You may provide a definition with
\DeclareUnicodeCharacter 


! Package inputenc Error: Unicode character Î» (U+03BB)
(inputenc)                not set up for use with LaTeX.

See the inputenc package documentation for explanation.
Type  H <return>  for immediate help.
 ...                                              
                                                  
l.2 ...¼Î±ÏƒÏ„Î¹ÎºÏŒ ÎºÎµÎ¯Î¼ÎµÎ½Î¿: ÎˆÏ„ÏƒÎ¹ Î±Î»
                                                  Î»Î¬Î¶ÎµÎ¹ Î· Î³Î»ÏŽÏƒÏƒÎ±...

You may provide a definition with
\DeclareUnicodeCharacter 


! Package inputenc Error: Unicode character Î» (U+03BB)
(inputenc)                not set up for use with LaTeX.

See the inputenc package documentation for explanation.
Type  H <return>  for immediate help.
 ...                                              
                                                  
l.2 ...±ÏƒÏ„Î¹ÎºÏŒ ÎºÎµÎ¯Î¼ÎµÎ½Î¿: ÎˆÏ„ÏƒÎ¹ Î±Î»Î»
                                                  Î¬Î¶ÎµÎ¹ Î· Î³Î»ÏŽÏƒÏƒÎ± Ï...

You may provide a definition with
\DeclareUnicodeCharacter 


! Package inputenc Error: Unicode character Î¬ (U+03AC)
(inputenc)                not set up for use with LaTeX.

See the inputenc package documentation for explanation.
Type  H <return>  for immediate help.
 ...                                              
                                                  
l.2 ...ƒÏ„Î¹ÎºÏŒ ÎºÎµÎ¯Î¼ÎµÎ½Î¿: ÎˆÏ„ÏƒÎ¹ Î±Î»Î»Î¬
                                                  Î¶ÎµÎ¹ Î· Î³Î»ÏŽÏƒÏƒÎ± ÏƒÏ...

You may provide a definition with
\DeclareUnicodeCharacter 


! Package inputenc Error: Unicode character Î¶ (U+03B6)
(inputenc)                not set up for use with LaTeX.

See the inputenc package documentation for explanation.
Type  H <return>  for immediate help.
 ...                                              
                                                  
l.2 ...„Î¹ÎºÏŒ ÎºÎµÎ¯Î¼ÎµÎ½Î¿: ÎˆÏ„ÏƒÎ¹ Î±Î»Î»Î¬Î¶
                                                  ÎµÎ¹ Î· Î³Î»ÏŽÏƒÏƒÎ± ÏƒÏ„Î...

You may provide a definition with
\DeclareUnicodeCharacter 


! Package inputenc Error: Unicode character Îµ (U+03B5)
(inputenc)                not set up for use with LaTeX.

See the inputenc package documentation for explanation.
Type  H <return>  for immediate help.
 ...                                              
                                                  
l.2 ...¹ÎºÏŒ ÎºÎµÎ¯Î¼ÎµÎ½Î¿: ÎˆÏ„ÏƒÎ¹ Î±Î»Î»Î¬Î¶Îµ
                                                  Î¹ Î· Î³Î»ÏŽÏƒÏƒÎ± ÏƒÏ„Î± ...

You may provide a definition with
\DeclareUnicodeCharacter 


! Package inputenc Error: Unicode character Î¹ (U+03B9)
(inputenc)                not set up for use with LaTeX.

See the inputenc package documentation for explanation.
Type  H <return>  for immediate help.
 ...                                              
                                                  
l.2 ...ºÏŒ ÎºÎµÎ¯Î¼ÎµÎ½Î¿: ÎˆÏ„ÏƒÎ¹ Î±Î»Î»Î¬Î¶ÎµÎ¹
                                                   Î· Î³Î»ÏŽÏƒÏƒÎ± ÏƒÏ„Î± Î±...

You may provide a definition with
\DeclareUnicodeCharacter 


! Package inputenc Error: Unicode character Î· (U+03B7)
(inputenc)                not set up for use with LaTeX.

See the inputenc package documentation for explanation.
Type  H <return>  for immediate help.
 ...                                              
                                                  
l.2 ... ÎºÎµÎ¯Î¼ÎµÎ½Î¿: ÎˆÏ„ÏƒÎ¹ Î±Î»Î»Î¬Î¶ÎµÎ¹ Î·
                                                   Î³Î»ÏŽÏƒÏƒÎ± ÏƒÏ„Î± Î±Î³Î...

You may provide a definition with
\DeclareUnicodeCharacter 


! Package inputenc Error: Unicode character Î³ (U+03B3)
(inputenc)                not set up for use with LaTeX.

See the inputenc package documentation for explanation.
Type  H <return>  for immediate help.
 ...                                              
                                                  
l.2 ...ÎµÎ¯Î¼ÎµÎ½Î¿: ÎˆÏ„ÏƒÎ¹ Î±Î»Î»Î¬Î¶ÎµÎ¹ Î· Î³
                                                  Î»ÏŽÏƒÏƒÎ± ÏƒÏ„Î± Î±Î³Î³Î»...

You may provide a definition with
\DeclareUnicodeCharacter 


! Package inputenc Error: Unicode character Î» (U+03BB)
(inputenc)                not set up for use with LaTeX.

See the inputenc package documentation for explanation.
Type  H <return>  for immediate help.
 ...                                              
                                                  
l.2 ...Î¯Î¼ÎµÎ½Î¿: ÎˆÏ„ÏƒÎ¹ Î±Î»Î»Î¬Î¶ÎµÎ¹ Î· Î³Î»
                                                  ÏŽÏƒÏƒÎ± ÏƒÏ„Î± Î±Î³Î³Î»Î¹...

You may provide a definition with
\DeclareUnicodeCharacter 


! Package inputenc Error: Unicode character ÏŽ (U+03CE)
(inputenc)                not set up for use with LaTeX.

See the inputenc package documentation for explanation.
Type  H <return>  for immediate help.
 ...                                              
                                                  
l.2 ...Î¼ÎµÎ½Î¿: ÎˆÏ„ÏƒÎ¹ Î±Î»Î»Î¬Î¶ÎµÎ¹ Î· Î³Î»ÏŽ
                                                  ÏƒÏƒÎ± ÏƒÏ„Î± Î±Î³Î³Î»Î¹Îº...

You may provide a definition with
\DeclareUnicodeCharacter 


! Package inputenc Error: Unicode character Ïƒ (U+03C3)
(inputenc)                not set up for use with LaTeX.

See the inputenc package documentation for explanation.
Type  H <return>  for immediate help.
 ...                                              
                                                  
l.2 ...ÎµÎ½Î¿: ÎˆÏ„ÏƒÎ¹ Î±Î»Î»Î¬Î¶ÎµÎ¹ Î· Î³Î»ÏŽÏƒ
                                                  ÏƒÎ± ÏƒÏ„Î± Î±Î³Î³Î»Î¹ÎºÎ¬...

You may provide a definition with
\DeclareUnicodeCharacter 


! Package inputenc Error: Unicode character Ïƒ (U+03C3)
(inputenc)                not set up for use with LaTeX.

See the inputenc package documentation for explanation.
Type  H <return>  for immediate help.
 ...                                              
                                                  
l.2 ...Î½Î¿: ÎˆÏ„ÏƒÎ¹ Î±Î»Î»Î¬Î¶ÎµÎ¹ Î· Î³Î»ÏŽÏƒÏƒ
                                                  Î± ÏƒÏ„Î± Î±Î³Î³Î»Î¹ÎºÎ¬ \...

You may provide a definition with
\DeclareUnicodeCharacter 


! Package inputenc Error: Unicode character Î± (U+03B1)
(inputenc)                not set up for use with LaTeX.

See the inputenc package documentation for explanation.
Type  H <return>  for immediate help.
 ...                                              
                                                  
l.2 ...Î¿: ÎˆÏ„ÏƒÎ¹ Î±Î»Î»Î¬Î¶ÎµÎ¹ Î· Î³Î»ÏŽÏƒÏƒÎ±
                                                   ÏƒÏ„Î± Î±Î³Î³Î»Î¹ÎºÎ¬ \te...

You may provide a definition with
\DeclareUnicodeCharacter 


! Package inputenc Error: Unicode character Ïƒ (U+03C3)
(inputenc)                not set up for use with LaTeX.

See the inputenc package documentation for explanation.
Type  H <return>  for immediate help.
 ...                                              
                                                  
l.2 ... ÎˆÏ„ÏƒÎ¹ Î±Î»Î»Î¬Î¶ÎµÎ¹ Î· Î³Î»ÏŽÏƒÏƒÎ± Ïƒ
                                                  Ï„Î± Î±Î³Î³Î»Î¹ÎºÎ¬ \textl...

You may provide a definition with
\DeclareUnicodeCharacter 


! Package inputenc Error: Unicode character Ï„ (U+03C4)
(inputenc)                not set up for use with LaTeX.

See the inputenc package documentation for explanation.
Type  H <return>  for immediate help.
 ...                                              
                                                  
l.2 ...ˆÏ„ÏƒÎ¹ Î±Î»Î»Î¬Î¶ÎµÎ¹ Î· Î³Î»ÏŽÏƒÏƒÎ± ÏƒÏ„
                                                  Î± Î±Î³Î³Î»Î¹ÎºÎ¬ \textlat...

You may provide a definition with
\DeclareUnicodeCharacter 


! Package inputenc Error: Unicode character Î± (U+03B1)
(inputenc)                not set up for use with LaTeX.

See the inputenc package documentation for explanation.
Type  H <return>  for immediate help.
 ...                                              
                                                  
l.2 ...„ÏƒÎ¹ Î±Î»Î»Î¬Î¶ÎµÎ¹ Î· Î³Î»ÏŽÏƒÏƒÎ± ÏƒÏ„Î±
                                                   Î±Î³Î³Î»Î¹ÎºÎ¬ \textlatin...

You may provide a definition with
\DeclareUnicodeCharacter 


! Package inputenc Error: Unicode character Î± (U+03B1)
(inputenc)                not set up for use with LaTeX.

See the inputenc package documentation for explanation.
Type  H <return>  for immediate help.
 ...                                              
                                                  
l.2 ...Î¹ Î±Î»Î»Î¬Î¶ÎµÎ¹ Î· Î³Î»ÏŽÏƒÏƒÎ± ÏƒÏ„Î± Î±
                                                  Î³Î³Î»Î¹ÎºÎ¬ \textlatin{ex...

You may provide a definition with
\DeclareUnicodeCharacter 


! Package inputenc Error: Unicode character Î³ (U+03B3)
(inputenc)                not set up for use with LaTeX.

See the inputenc package documentation for explanation.
Type  H <return>  for immediate help.
 ...                                              
                                                  
l.2 ... Î±Î»Î»Î¬Î¶ÎµÎ¹ Î· Î³Î»ÏŽÏƒÏƒÎ± ÏƒÏ„Î± Î±Î³
                                                  Î³Î»Î¹ÎºÎ¬ \textlatin{exam...

You may provide a definition with
\DeclareUnicodeCharacter 


! Package inputenc Error: Unicode character Î³ (U+03B3)
(inputenc)                not set up for use with LaTeX.

See the inputenc package documentation for explanation.
Type  H <return>  for immediate help.
 ...                                              
                                                  
l.2 ...±Î»Î»Î¬Î¶ÎµÎ¹ Î· Î³Î»ÏŽÏƒÏƒÎ± ÏƒÏ„Î± Î±Î³Î³
                                                  Î»Î¹ÎºÎ¬ \textlatin{example}.

You may provide a definition with
\DeclareUnicodeCharacter 


! Package inputenc Error: Unicode character Î» (U+03BB)
(inputenc)                not set up for use with LaTeX.

See the inputenc package documentation for explanation.
Type  H <return>  for immediate help.
 ...                                              
                                                  
l.2 ...»Î»Î¬Î¶ÎµÎ¹ Î· Î³Î»ÏŽÏƒÏƒÎ± ÏƒÏ„Î± Î±Î³Î³Î»
                                                  Î¹ÎºÎ¬ \textlatin{example}.
You may provide a definition with
\DeclareUnicodeCharacter 


! Package inputenc Error: Unicode character Î¹ (U+03B9)
(inputenc)                not set up for use with LaTeX.

See the inputenc package documentation for explanation.
Type  H <return>  for immediate help.
 ...                                              
                                                  
l.2 ...»Î¬Î¶ÎµÎ¹ Î· Î³Î»ÏŽÏƒÏƒÎ± ÏƒÏ„Î± Î±Î³Î³Î»Î¹
                                                  ÎºÎ¬ \textlatin{example}.
You may provide a definition with
\DeclareUnicodeCharacter 


! Package inputenc Error: Unicode character Îº (U+03BA)
(inputenc)                not set up for use with LaTeX.

See the inputenc package documentation for explanation.
Type  H <return>  for immediate help.
 ...                                              
                                                  
l.2 ...¬Î¶ÎµÎ¹ Î· Î³Î»ÏŽÏƒÏƒÎ± ÏƒÏ„Î± Î±Î³Î³Î»Î¹Îº
                                                  Î¬ \textlatin{example}.
You may provide a definition with
\DeclareUnicodeCharacter 


! Package inputenc Error: Unicode character Î¬ (U+03AC)
(inputenc)                not set up for use with LaTeX.

See the inputenc package documentation for explanation.
Type  H <return>  for immediate help.
 ...                                              
                                                  
l.2 ...¶ÎµÎ¹ Î· Î³Î»ÏŽÏƒÏƒÎ± ÏƒÏ„Î± Î±Î³Î³Î»Î¹ÎºÎ¬
                                                   \textlatin{example}.
You may provide a definition with
\DeclareUnicodeCharacter 

! Undefined control sequence.
l.2 ...Î»ÏŽÏƒÏƒÎ± ÏƒÏ„Î± Î±Î³Î³Î»Î¹ÎºÎ¬ \textlatin
                                                  {example}.
The control sequence at the end of the top line
of your error message was never \def'ed. If you have
misspelled it (e.g., `\hobx'), type `I' and the correct
spelling (e.g., `I\hbox'). Otherwise just continue,
and I'll forget about whatever was undefined.

Missing character: There is no e in font nullfont!
Missing character: There is no x in font nullfont!
Missing character: There is no a in font nullfont!
Missing character: There is no m in font nullfont!
Missing character: There is no p in font nullfont!
Missing character: There is no l in font nullfont!
Missing character: There is no e in font nullfont!
Missing character: There is no . in font nullfont!
)
! Emergency stop.
<*> Introduction.tex
                    
*** (job aborted, no legal \end found)

 
Here is how much of TeX's memory you used:
 38 strings out of 483107
 519 string characters out of 5964630
 231847 words of memory out of 5000000
 15164 multiletter control sequences out of 15000+600000
 532338 words of font info for 24 fonts, out of 8000000 for 9000
 59 hyphenation exceptions out of 8191
 12i,0n,15p,146b,23s stack positions out of 5000i,500n,10000p,200000b,80000s
!  ==> Fatal error occurred, no output PDF file produced!
